19:52:43  [main] 	Initializing Control Panel
19:52:44  [main] 	Windows Version:  Enterprise  64-bit
19:52:44  [main] 	XAMPP Version: 8.0.3
19:52:44  [main] 	Control Panel Version: 3.2.4  [ Compiled: Jun 5th 2019 ]
19:52:44  [main] 	You are not running with administrator rights! This will work for
19:52:44  [main] 	most application stuff but whenever you do something with services
19:52:44  [main] 	there will be a security dialogue or things will break! So think 
19:52:44  [main] 	about running this application with administrator rights!
19:52:44  [main] 	XAMPP Installation Directory: "c:\xampp\"
19:52:44  [main] 	Checking for prerequisites
19:52:52  [main] 	All prerequisites found
19:52:52  [main] 	Initializing Modules
19:52:53  [main] 	Starting Check-Timer
19:52:53  [main] 	Control Panel Ready
19:52:56  [Apache] 	Attempting to start Apache app...
19:52:57  [mysql] 	Attempting to start MySQL app...
19:52:58  [Apache] 	Status change detected: running
19:52:58  [mysql] 	Status change detected: running
20:19:31  [Apache] 	Attempting to stop Apache (PID: 1628)
20:19:31  [Apache] 	Attempting to stop Apache (PID: 9308)
20:19:31  [Apache] 	Status change detected: stopped
20:19:31  [mysql] 	Attempting to stop MySQL app...
20:19:31  [mysql] 	Status change detected: stopped
20:21:44  [main] 	Deinitializing Modules
20:21:44  [main] 	Deinitializing Control Panel

20:46:25  [main] 	Initializing Control Panel
20:46:25  [main] 	Windows Version:  Enterprise  64-bit
20:46:25  [main] 	XAMPP Version: 8.0.3
20:46:25  [main] 	Control Panel Version: 3.2.4  [ Compiled: Jun 5th 2019 ]
20:46:25  [main] 	You are not running with administrator rights! This will work for
20:46:25  [main] 	most application stuff but whenever you do something with services
20:46:25  [main] 	there will be a security dialogue or things will break! So think 
20:46:25  [main] 	about running this application with administrator rights!
20:46:25  [main] 	XAMPP Installation Directory: "c:\xampp\"
20:46:25  [main] 	Checking for prerequisites
20:46:30  [main] 	All prerequisites found
20:46:30  [main] 	Initializing Modules
20:46:30  [main] 	Starting Check-Timer
20:46:30  [main] 	Control Panel Ready
20:46:33  [Apache] 	Attempting to start Apache app...
20:46:33  [Apache] 	Status change detected: running
20:46:33  [mysql] 	Attempting to start MySQL app...
20:46:35  [mysql] 	Status change detected: running
22:20:23  [Apache] 	Attempting to stop Apache (PID: 6920)
22:20:23  [Apache] 	Attempting to stop Apache (PID: 2760)
22:20:23  [mysql] 	Attempting to stop MySQL app...
22:20:24  [mysql] 	Status change detected: stopped
22:20:25  [Apache] 	Status change detected: stopped
22:21:16  [main] 	Deinitializing Modules
22:21:16  [main] 	Deinitializing Control Panel

18:52:50  [main] 	Initializing Control Panel
18:52:51  [main] 	Windows Version:  Enterprise  64-bit
18:52:51  [main] 	XAMPP Version: 8.0.3
18:52:51  [main] 	Control Panel Version: 3.2.4  [ Compiled: Jun 5th 2019 ]
18:52:51  [main] 	You are not running with administrator rights! This will work for
18:52:51  [main] 	most application stuff but whenever you do something with services
18:52:51  [main] 	there will be a security dialogue or things will break! So think 
18:52:51  [main] 	about running this application with administrator rights!
18:52:51  [main] 	XAMPP Installation Directory: "c:\xampp\"
18:52:51  [main] 	Checking for prerequisites
18:52:54  [main] 	All prerequisites found
18:52:54  [main] 	Initializing Modules
18:52:54  [main] 	Starting Check-Timer
18:52:54  [main] 	Control Panel Ready
18:52:56  [mysql] 	Attempting to start MySQL app...
18:52:57  [mysql] 	Status change detected: running
18:52:57  [Apache] 	Attempting to start Apache app...
18:52:59  [Apache] 	Status change detected: running
19:30:09  [Apache] 	Attempting to stop Apache (PID: 1312)
19:30:09  [Apache] 	Attempting to stop Apache (PID: 2424)
19:30:10  [Apache] 	Status change detected: stopped
19:30:10  [mysql] 	Attempting to stop MySQL app...
19:30:10  [mysql] 	Status change detected: stopped
19:31:15  [main] 	Deinitializing Modules
19:31:15  [main] 	Deinitializing Control Panel

20:59:43  [main] 	Initializing Control Panel
20:59:43  [main] 	Windows Version:  Enterprise  64-bit
20:59:43  [main] 	XAMPP Version: 8.0.3
20:59:43  [main] 	Control Panel Version: 3.2.4  [ Compiled: Jun 5th 2019 ]
20:59:43  [main] 	You are not running with administrator rights! This will work for
20:59:43  [main] 	most application stuff but whenever you do something with services
20:59:43  [main] 	there will be a security dialogue or things will break! So think 
20:59:43  [main] 	about running this application with administrator rights!
20:59:43  [main] 	XAMPP Installation Directory: "c:\xampp\"
20:59:43  [main] 	Checking for prerequisites
20:59:44  [main] 	All prerequisites found
20:59:44  [main] 	Initializing Modules
20:59:44  [main] 	Starting Check-Timer
20:59:44  [main] 	Control Panel Ready
20:59:46  [Apache] 	Attempting to start Apache app...
20:59:46  [Apache] 	Status change detected: running
20:59:47  [mysql] 	Attempting to start MySQL app...
20:59:47  [mysql] 	Status change detected: running
22:02:20  [Apache] 	Attempting to stop Apache (PID: 4824)
22:02:20  [Apache] 	Attempting to stop Apache (PID: 6192)
22:02:20  [Apache] 	Status change detected: stopped
22:02:20  [mysql] 	Attempting to stop MySQL app...
22:02:21  [mysql] 	Status change detected: stopped
22:03:09  [main] 	Deinitializing Modules
22:03:09  [main] 	Deinitializing Control Panel

16:01:38  [main] 	Initializing Control Panel
16:01:38  [main] 	Windows Version:  Enterprise  64-bit
16:01:38  [main] 	XAMPP Version: 8.0.3
16:01:38  [main] 	Control Panel Version: 3.2.4  [ Compiled: Jun 5th 2019 ]
16:01:38  [main] 	You are not running with administrator rights! This will work for
16:01:38  [main] 	most application stuff but whenever you do something with services
16:01:38  [main] 	there will be a security dialogue or things will break! So think 
16:01:38  [main] 	about running this application with administrator rights!
16:01:38  [main] 	XAMPP Installation Directory: "c:\xampp\"
16:01:38  [main] 	Checking for prerequisites
16:01:38  [main] 	All prerequisites found
16:01:38  [main] 	Initializing Modules
16:01:38  [main] 	Starting Check-Timer
16:01:38  [main] 	Control Panel Ready
16:01:40  [Apache] 	Attempting to start Apache app...
16:01:40  [Apache] 	Status change detected: running
16:01:41  [mysql] 	Attempting to start MySQL app...
16:01:41  [mysql] 	Status change detected: running
17:44:56  [main] 	Deinitializing Modules
17:44:56  [main] 	Deinitializing Control Panel

21:18:34  [main] 	Initializing Control Panel
21:18:34  [main] 	Windows Version:  Enterprise  64-bit
21:18:34  [main] 	XAMPP Version: 8.0.3
21:18:34  [main] 	Control Panel Version: 3.2.4  [ Compiled: Jun 5th 2019 ]
21:18:34  [main] 	You are not running with administrator rights! This will work for
21:18:34  [main] 	most application stuff but whenever you do something with services
21:18:34  [main] 	there will be a security dialogue or things will break! So think 
21:18:34  [main] 	about running this application with administrator rights!
21:18:34  [main] 	XAMPP Installation Directory: "c:\xampp\"
21:18:34  [main] 	Checking for prerequisites
21:18:37  [main] 	All prerequisites found
21:18:37  [main] 	Initializing Modules
21:18:37  [main] 	Starting Check-Timer
21:18:37  [main] 	Control Panel Ready
21:18:39  [Apache] 	Attempting to start Apache app...
21:18:40  [Apache] 	Status change detected: running
21:18:40  [mysql] 	Attempting to start MySQL app...
21:18:41  [mysql] 	Status change detected: running
22:40:57  [Apache] 	Attempting to stop Apache (PID: 5836)
22:40:57  [Apache] 	Attempting to stop Apache (PID: 2956)
22:40:58  [mysql] 	Attempting to stop MySQL app...
22:40:58  [Apache] 	Status change detected: stopped
22:40:58  [mysql] 	Status change detected: stopped
22:41:00  [Apache] 	Attempting to start Apache app...
22:41:00  [Apache] 	Status change detected: running
22:41:01  [mysql] 	Attempting to start MySQL app...
22:41:02  [mysql] 	Status change detected: running
22:51:06  [main] 	Deinitializing Modules
22:51:06  [main] 	Deinitializing Control Panel

20:59:33  [main] 	Initializing Control Panel
20:59:33  [main] 	Windows Version:  Enterprise  64-bit
20:59:34  [main] 	XAMPP Version: 8.0.3
20:59:34  [main] 	Control Panel Version: 3.2.4  [ Compiled: Jun 5th 2019 ]
20:59:34  [main] 	You are not running with administrator rights! This will work for
20:59:34  [main] 	most application stuff but whenever you do something with services
20:59:34  [main] 	there will be a security dialogue or things will break! So think 
20:59:34  [main] 	about running this application with administrator rights!
20:59:34  [main] 	XAMPP Installation Directory: "c:\xampp\"
20:59:34  [main] 	Checking for prerequisites
20:59:51  [main] 	All prerequisites found
20:59:51  [main] 	Initializing Modules
20:59:51  [main] 	Starting Check-Timer
20:59:51  [main] 	Control Panel Ready
20:59:54  [Apache] 	Attempting to start Apache app...
20:59:55  [mysql] 	Attempting to start MySQL app...
20:59:55  [Apache] 	Status change detected: running
20:59:55  [mysql] 	Status change detected: running
22:14:15  [Apache] 	Attempting to stop Apache (PID: 3596)
22:14:15  [Apache] 	Attempting to stop Apache (PID: 1832)
22:14:16  [mysql] 	Attempting to stop MySQL app...
22:14:16  [Apache] 	Status change detected: stopped
22:14:16  [mysql] 	Status change detected: stopped
22:14:50  [main] 	Deinitializing Modules
22:14:50  [main] 	Deinitializing Control Panel

22:20:04  [main] 	Initializing Control Panel
22:20:04  [main] 	Windows Version:  Enterprise  64-bit
22:20:04  [main] 	XAMPP Version: 8.0.3
22:20:04  [main] 	Control Panel Version: 3.2.4  [ Compiled: Jun 5th 2019 ]
22:20:04  [main] 	You are not running with administrator rights! This will work for
22:20:04  [main] 	most application stuff but whenever you do something with services
22:20:04  [main] 	there will be a security dialogue or things will break! So think 
22:20:04  [main] 	about running this application with administrator rights!
22:20:04  [main] 	XAMPP Installation Directory: "c:\xampp\"
22:20:04  [main] 	Checking for prerequisites
22:20:05  [main] 	All prerequisites found
22:20:05  [main] 	Initializing Modules
22:20:05  [Apache] 	XAMPP Apache is already running on port 80
22:20:05  [Apache] 	XAMPP Apache is already running on port 443
22:20:05  [mysql] 	XAMPP MySQL is already running on port 3306
22:20:05  [main] 	Starting Check-Timer
22:20:05  [main] 	Control Panel Ready
22:20:07  [Apache] 	Attempting to stop Apache (PID: 2232)
22:20:07  [Apache] 	Attempting to stop Apache (PID: 5708)
22:20:08  [mysql] 	Attempting to stop MySQL app...
22:20:08  [Apache] 	Status change detected: stopped
22:20:08  [mysql] 	Status change detected: stopped
22:21:31  [main] 	Deinitializing Modules
22:21:31  [main] 	Deinitializing Control Panel

18:04:30  [main] 	Initializing Control Panel
18:04:30  [main] 	Windows Version:  Enterprise  64-bit
18:04:30  [main] 	XAMPP Version: 8.0.3
18:04:30  [main] 	Control Panel Version: 3.2.4  [ Compiled: Jun 5th 2019 ]
18:04:30  [main] 	You are not running with administrator rights! This will work for
18:04:30  [main] 	most application stuff but whenever you do something with services
18:04:30  [main] 	there will be a security dialogue or things will break! So think 
18:04:30  [main] 	about running this application with administrator rights!
18:04:30  [main] 	XAMPP Installation Directory: "c:\xampp\"
18:04:30  [main] 	Checking for prerequisites
18:04:33  [main] 	All prerequisites found
18:04:33  [main] 	Initializing Modules
18:04:33  [main] 	Starting Check-Timer
18:04:33  [main] 	Control Panel Ready
18:04:35  [Apache] 	Attempting to start Apache app...
18:04:36  [Apache] 	Status change detected: running
18:04:37  [mysql] 	Attempting to start MySQL app...
18:04:37  [mysql] 	Status change detected: running
19:14:19  [mysql] 	Attempting to stop MySQL app...
19:14:19  [Apache] 	Attempting to stop Apache (PID: 9536)
19:14:19  [Apache] 	Attempting to stop Apache (PID: 8016)
19:14:20  [mysql] 	Status change detected: stopped
19:14:20  [Apache] 	Status change detected: stopped
19:14:49  [main] 	Deinitializing Modules
19:14:49  [main] 	Deinitializing Control Panel

21:39:59  [main] 	Initializing Control Panel
21:39:59  [main] 	Windows Version:  Enterprise  64-bit
21:39:59  [main] 	XAMPP Version: 8.0.3
21:39:59  [main] 	Control Panel Version: 3.2.4  [ Compiled: Jun 5th 2019 ]
21:39:59  [main] 	You are not running with administrator rights! This will work for
21:39:59  [main] 	most application stuff but whenever you do something with services
21:39:59  [main] 	there will be a security dialogue or things will break! So think 
21:39:59  [main] 	about running this application with administrator rights!
21:39:59  [main] 	XAMPP Installation Directory: "c:\xampp\"
21:39:59  [main] 	Checking for prerequisites
21:39:59  [main] 	All prerequisites found
21:39:59  [main] 	Initializing Modules
21:39:59  [main] 	Starting Check-Timer
21:39:59  [main] 	Control Panel Ready
21:40:01  [Apache] 	Attempting to start Apache app...
21:40:02  [Apache] 	Status change detected: running
21:40:05  [mysql] 	Attempting to start MySQL app...
21:40:05  [mysql] 	Status change detected: running
22:20:45  [Apache] 	Attempting to stop Apache (PID: 4340)
22:20:45  [Apache] 	Attempting to stop Apache (PID: 168)
22:20:45  [Apache] 	Status change detected: stopped
22:20:47  [mysql] 	Attempting to stop MySQL app...
22:20:47  [mysql] 	Status change detected: stopped
22:24:04  [main] 	Deinitializing Modules
22:24:04  [main] 	Deinitializing Control Panel

16:49:13  [main] 	Initializing Control Panel
16:49:13  [main] 	Windows Version:  Enterprise  64-bit
16:49:13  [main] 	XAMPP Version: 8.0.3
16:49:13  [main] 	Control Panel Version: 3.2.4  [ Compiled: Jun 5th 2019 ]
16:49:13  [main] 	You are not running with administrator rights! This will work for
16:49:13  [main] 	most application stuff but whenever you do something with services
16:49:13  [main] 	there will be a security dialogue or things will break! So think 
16:49:13  [main] 	about running this application with administrator rights!
16:49:13  [main] 	XAMPP Installation Directory: "c:\xampp\"
16:49:13  [main] 	Checking for prerequisites
16:49:14  [main] 	All prerequisites found
16:49:14  [main] 	Initializing Modules
16:49:14  [main] 	Starting Check-Timer
16:49:14  [main] 	Control Panel Ready
16:49:16  [Apache] 	Attempting to start Apache app...
16:49:16  [Apache] 	Status change detected: running
16:49:17  [mysql] 	Attempting to start MySQL app...
16:49:18  [mysql] 	Status change detected: running
17:59:30  [Apache] 	Attempting to stop Apache (PID: 2964)
17:59:30  [Apache] 	Attempting to stop Apache (PID: 6148)
17:59:30  [mysql] 	Attempting to stop MySQL app...
17:59:31  [Apache] 	Status change detected: stopped
17:59:31  [mysql] 	Status change detected: stopped
18:10:59  [main] 	Deinitializing Modules
18:10:59  [main] 	Deinitializing Control Panel

20:02:23  [main] 	Initializing Control Panel
20:02:23  [main] 	Windows Version:  Enterprise  64-bit
20:02:23  [main] 	XAMPP Version: 8.0.3
20:02:23  [main] 	Control Panel Version: 3.2.4  [ Compiled: Jun 5th 2019 ]
20:02:23  [main] 	You are not running with administrator rights! This will work for
20:02:23  [main] 	most application stuff but whenever you do something with services
20:02:23  [main] 	there will be a security dialogue or things will break! So think 
20:02:23  [main] 	about running this application with administrator rights!
20:02:23  [main] 	XAMPP Installation Directory: "c:\xampp\"
20:02:23  [main] 	Checking for prerequisites
20:02:29  [main] 	All prerequisites found
20:02:29  [main] 	Initializing Modules
20:02:29  [main] 	Starting Check-Timer
20:02:29  [main] 	Control Panel Ready
20:02:33  [Apache] 	Attempting to start Apache app...
20:02:36  [mysql] 	Attempting to start MySQL app...
20:02:38  [Apache] 	Status change detected: running
20:02:38  [mysql] 	Status change detected: running
20:09:11  [mysql] 	Attempting to stop MySQL app...
20:09:11  [Apache] 	Attempting to stop Apache (PID: 5116)
20:09:11  [Apache] 	Attempting to stop Apache (PID: 8464)
20:09:12  [Apache] 	Status change detected: stopped
20:09:12  [mysql] 	Status change detected: stopped
20:10:04  [main] 	Deinitializing Modules
20:10:04  [main] 	Deinitializing Control Panel

10:46:53  [main] 	Initializing Control Panel
10:46:53  [main] 	Windows Version:  Enterprise  64-bit
10:46:53  [main] 	XAMPP Version: 8.0.3
10:46:53  [main] 	Control Panel Version: 3.2.4  [ Compiled: Jun 5th 2019 ]
10:46:53  [main] 	You are not running with administrator rights! This will work for
10:46:53  [main] 	most application stuff but whenever you do something with services
10:46:53  [main] 	there will be a security dialogue or things will break! So think 
10:46:53  [main] 	about running this application with administrator rights!
10:46:53  [main] 	XAMPP Installation Directory: "c:\xampp\"
10:46:53  [main] 	Checking for prerequisites
10:46:55  [main] 	All prerequisites found
10:46:55  [main] 	Initializing Modules
10:46:55  [main] 	Starting Check-Timer
10:46:55  [main] 	Control Panel Ready
10:46:58  [Apache] 	Attempting to start Apache app...
10:46:58  [Apache] 	Status change detected: running
10:46:59  [mysql] 	Attempting to start MySQL app...
10:46:59  [mysql] 	Status change detected: running
13:59:02  [main] 	Deinitializing Modules
13:59:02  [main] 	Deinitializing Control Panel

18:02:58  [main] 	Initializing Control Panel
18:02:58  [main] 	Windows Version:  Enterprise  64-bit
18:02:58  [main] 	XAMPP Version: 8.0.3
18:02:58  [main] 	Control Panel Version: 3.2.4  [ Compiled: Jun 5th 2019 ]
18:02:58  [main] 	You are not running with administrator rights! This will work for
18:02:58  [main] 	most application stuff but whenever you do something with services
18:02:58  [main] 	there will be a security dialogue or things will break! So think 
18:02:58  [main] 	about running this application with administrator rights!
18:02:58  [main] 	XAMPP Installation Directory: "c:\xampp\"
18:02:58  [main] 	Checking for prerequisites
18:02:58  [main] 	All prerequisites found
18:02:58  [main] 	Initializing Modules
18:02:58  [main] 	Starting Check-Timer
18:02:58  [main] 	Control Panel Ready
18:03:03  [Apache] 	Attempting to start Apache app...
18:03:03  [Apache] 	Status change detected: running
18:03:03  [mysql] 	Attempting to start MySQL app...
18:03:04  [mysql] 	Status change detected: running
19:46:19  [main] 	Deinitializing Modules
19:46:19  [main] 	Deinitializing Control Panel

20:30:09  [main] 	Initializing Control Panel
20:30:09  [main] 	Windows Version:  Enterprise  64-bit
20:30:09  [main] 	XAMPP Version: 8.0.3
20:30:09  [main] 	Control Panel Version: 3.2.4  [ Compiled: Jun 5th 2019 ]
20:30:09  [main] 	You are not running with administrator rights! This will work for
20:30:09  [main] 	most application stuff but whenever you do something with services
20:30:09  [main] 	there will be a security dialogue or things will break! So think 
20:30:09  [main] 	about running this application with administrator rights!
20:30:09  [main] 	XAMPP Installation Directory: "c:\xampp\"
20:30:09  [main] 	Checking for prerequisites
20:30:11  [main] 	All prerequisites found
20:30:11  [main] 	Initializing Modules
20:30:11  [main] 	Starting Check-Timer
20:30:11  [main] 	Control Panel Ready
20:30:17  [Apache] 	Attempting to start Apache app...
20:30:19  [mysql] 	Attempting to start MySQL app...
20:30:20  [mysql] 	Attempting to start MySQL app...
20:30:20  [Apache] 	Status change detected: running
20:30:20  [mysql] 	Status change detected: running
20:41:21  [Apache] 	Attempting to stop Apache (PID: 1688)
20:41:21  [Apache] 	Attempting to stop Apache (PID: 9012)
20:41:21  [Apache] 	Status change detected: stopped
20:41:22  [mysql] 	Attempting to stop MySQL app...
20:41:22  [mysql] 	Status change detected: stopped
20:41:33  [main] 	Deinitializing Modules
20:41:33  [main] 	Deinitializing Control Panel

21:16:55  [main] 	Initializing Control Panel
21:16:56  [main] 	Windows Version:  Enterprise  64-bit
21:16:57  [main] 	XAMPP Version: 8.0.3
21:16:57  [main] 	Control Panel Version: 3.2.4  [ Compiled: Jun 5th 2019 ]
21:16:57  [main] 	You are not running with administrator rights! This will work for
21:16:57  [main] 	most application stuff but whenever you do something with services
21:16:57  [main] 	there will be a security dialogue or things will break! So think 
21:16:57  [main] 	about running this application with administrator rights!
21:16:57  [main] 	XAMPP Installation Directory: "c:\xampp\"
21:16:57  [main] 	Checking for prerequisites
21:17:07  [main] 	All prerequisites found
21:17:07  [main] 	Initializing Modules
21:17:07  [main] 	Starting Check-Timer
21:17:07  [main] 	Control Panel Ready
21:17:16  [Apache] 	Attempting to start Apache app...
21:17:23  [mysql] 	Attempting to start MySQL app...
21:17:24  [Apache] 	Status change detected: running
21:17:24  [mysql] 	Status change detected: running
22:27:46  [main] 	Deinitializing Modules
22:27:46  [main] 	Deinitializing Control Panel

11:32:43  [main] 	Initializing Control Panel
11:32:43  [main] 	Windows Version:  Enterprise  64-bit
11:32:43  [main] 	XAMPP Version: 8.0.3
11:32:43  [main] 	Control Panel Version: 3.2.4  [ Compiled: Jun 5th 2019 ]
11:32:43  [main] 	You are not running with administrator rights! This will work for
11:32:43  [main] 	most application stuff but whenever you do something with services
11:32:43  [main] 	there will be a security dialogue or things will break! So think 
11:32:43  [main] 	about running this application with administrator rights!
11:32:43  [main] 	XAMPP Installation Directory: "c:\xampp\"
11:32:43  [main] 	Checking for prerequisites
11:32:46  [main] 	All prerequisites found
11:32:46  [main] 	Initializing Modules
11:32:46  [main] 	Starting Check-Timer
11:32:46  [main] 	Control Panel Ready
11:32:48  [Apache] 	Attempting to start Apache app...
11:32:48  [Apache] 	Status change detected: running
11:32:49  [mysql] 	Attempting to start MySQL app...
11:32:50  [mysql] 	Status change detected: running
12:15:00  [Apache] 	Attempting to stop Apache (PID: 7660)
12:15:01  [Apache] 	Attempting to stop Apache (PID: 4156)
12:15:01  [Apache] 	Status change detected: stopped
12:15:01  [mysql] 	Attempting to stop MySQL app...
12:15:02  [mysql] 	Status change detected: stopped
12:15:44  [main] 	Deinitializing Modules
12:15:44  [main] 	Deinitializing Control Panel

22:16:34  [main] 	Initializing Control Panel
22:16:34  [main] 	Windows Version:  Enterprise  64-bit
22:16:34  [main] 	XAMPP Version: 8.0.3
22:16:34  [main] 	Control Panel Version: 3.2.4  [ Compiled: Jun 5th 2019 ]
22:16:34  [main] 	You are not running with administrator rights! This will work for
22:16:34  [main] 	most application stuff but whenever you do something with services
22:16:34  [main] 	there will be a security dialogue or things will break! So think 
22:16:34  [main] 	about running this application with administrator rights!
22:16:34  [main] 	XAMPP Installation Directory: "c:\xampp\"
22:16:34  [main] 	Checking for prerequisites
22:16:36  [main] 	All prerequisites found
22:16:36  [main] 	Initializing Modules
22:16:36  [main] 	Starting Check-Timer
22:16:36  [main] 	Control Panel Ready
22:17:16  [Apache] 	Attempting to start Apache app...
22:17:17  [Apache] 	Status change detected: running
22:17:18  [mysql] 	Attempting to start MySQL app...
22:17:18  [mysql] 	Status change detected: running
00:44:36  [Apache] 	Attempting to stop Apache (PID: 7532)
00:44:36  [Apache] 	Attempting to stop Apache (PID: 3360)
00:44:36  [Apache] 	Status change detected: stopped
00:44:37  [mysql] 	Attempting to stop MySQL app...
00:44:37  [mysql] 	Status change detected: stopped
00:44:50  [main] 	Deinitializing Modules
00:44:50  [main] 	Deinitializing Control Panel

18:49:22  [main] 	Initializing Control Panel
18:49:22  [main] 	Windows Version:  Enterprise  64-bit
18:49:22  [main] 	XAMPP Version: 8.0.3
18:49:22  [main] 	Control Panel Version: 3.2.4  [ Compiled: Jun 5th 2019 ]
18:49:22  [main] 	You are not running with administrator rights! This will work for
18:49:22  [main] 	most application stuff but whenever you do something with services
18:49:22  [main] 	there will be a security dialogue or things will break! So think 
18:49:22  [main] 	about running this application with administrator rights!
18:49:22  [main] 	XAMPP Installation Directory: "c:\xampp\"
18:49:22  [main] 	Checking for prerequisites
18:49:23  [main] 	All prerequisites found
18:49:23  [main] 	Initializing Modules
18:49:23  [main] 	Starting Check-Timer
18:49:23  [main] 	Control Panel Ready
18:54:33  [Apache] 	Attempting to start Apache app...
18:54:33  [Apache] 	Status change detected: running
18:54:34  [mysql] 	Attempting to start MySQL app...
18:54:34  [mysql] 	Status change detected: running
20:22:13  [Apache] 	Attempting to stop Apache (PID: 720)
20:22:13  [Apache] 	Attempting to stop Apache (PID: 4828)
20:22:13  [Apache] 	Status change detected: stopped
20:22:17  [mysql] 	Attempting to stop MySQL app...
20:22:17  [mysql] 	Status change detected: stopped
20:23:01  [main] 	Deinitializing Modules
20:23:01  [main] 	Deinitializing Control Panel

10:43:02  [main] 	Initializing Control Panel
10:43:02  [main] 	Windows Version:  Enterprise  64-bit
10:43:02  [main] 	XAMPP Version: 8.0.3
10:43:02  [main] 	Control Panel Version: 3.2.4  [ Compiled: Jun 5th 2019 ]
10:43:02  [main] 	You are not running with administrator rights! This will work for
10:43:02  [main] 	most application stuff but whenever you do something with services
10:43:02  [main] 	there will be a security dialogue or things will break! So think 
10:43:02  [main] 	about running this application with administrator rights!
10:43:02  [main] 	XAMPP Installation Directory: "c:\xampp\"
10:43:02  [main] 	Checking for prerequisites
10:43:06  [main] 	All prerequisites found
10:43:06  [main] 	Initializing Modules
10:43:06  [main] 	Starting Check-Timer
10:43:06  [main] 	Control Panel Ready
10:43:08  [Apache] 	Attempting to start Apache app...
10:43:08  [Apache] 	Status change detected: running
10:43:08  [mysql] 	Attempting to start MySQL app...
10:43:09  [mysql] 	Status change detected: running
12:12:42  [Apache] 	Attempting to stop Apache (PID: 6244)
12:12:42  [Apache] 	Attempting to stop Apache (PID: 1644)
12:12:43  [mysql] 	Attempting to stop MySQL app...
12:12:43  [Apache] 	Status change detected: stopped
12:12:43  [mysql] 	Status change detected: stopped
12:13:02  [main] 	Deinitializing Modules
12:13:02  [main] 	Deinitializing Control Panel

13:56:24  [main] 	Initializing Control Panel
13:56:24  [main] 	Windows Version:  Enterprise  64-bit
13:56:24  [main] 	XAMPP Version: 8.0.3
13:56:24  [main] 	Control Panel Version: 3.2.4  [ Compiled: Jun 5th 2019 ]
13:56:24  [main] 	You are not running with administrator rights! This will work for
13:56:24  [main] 	most application stuff but whenever you do something with services
13:56:24  [main] 	there will be a security dialogue or things will break! So think 
13:56:24  [main] 	about running this application with administrator rights!
13:56:24  [main] 	XAMPP Installation Directory: "c:\xampp\"
13:56:24  [main] 	Checking for prerequisites
13:56:31  [main] 	All prerequisites found
13:56:31  [main] 	Initializing Modules
13:56:32  [main] 	Starting Check-Timer
13:56:32  [main] 	Control Panel Ready
13:56:54  [Apache] 	Attempting to start Apache app...
13:56:54  [Apache] 	Status change detected: running
13:56:54  [mysql] 	Attempting to start MySQL app...
13:56:56  [mysql] 	Status change detected: running
15:41:23  [Apache] 	Attempting to stop Apache (PID: 7704)
15:41:24  [Apache] 	Attempting to stop Apache (PID: 9452)
15:41:24  [mysql] 	Attempting to stop MySQL app...
15:41:25  [mysql] 	Status change detected: stopped
15:41:27  [Apache] 	Status change detected: stopped
15:41:57  [main] 	Deinitializing Modules
15:41:57  [main] 	Deinitializing Control Panel

22:52:17  [main] 	Initializing Control Panel
22:52:17  [main] 	Windows Version:  Enterprise  64-bit
22:52:17  [main] 	XAMPP Version: 8.0.3
22:52:17  [main] 	Control Panel Version: 3.2.4  [ Compiled: Jun 5th 2019 ]
22:52:17  [main] 	You are not running with administrator rights! This will work for
22:52:17  [main] 	most application stuff but whenever you do something with services
22:52:17  [main] 	there will be a security dialogue or things will break! So think 
22:52:17  [main] 	about running this application with administrator rights!
22:52:17  [main] 	XAMPP Installation Directory: "c:\xampp\"
22:52:17  [main] 	Checking for prerequisites
22:52:20  [main] 	All prerequisites found
22:52:20  [main] 	Initializing Modules
22:52:20  [main] 	Starting Check-Timer
22:52:20  [main] 	Control Panel Ready
22:52:24  [Apache] 	Attempting to start Apache app...
22:52:25  [Apache] 	Status change detected: running
22:52:25  [mysql] 	Attempting to start MySQL app...
22:52:27  [mysql] 	Status change detected: running
23:17:22  [Apache] 	Status change detected: stopped
23:17:22  [Apache] 	Error: Apache shutdown unexpectedly.
23:17:22  [Apache] 	This may be due to a blocked port, missing dependencies, 
23:17:22  [Apache] 	improper privileges, a crash, or a shutdown by another method.
23:17:22  [Apache] 	Press the Logs button to view error logs and check
23:17:22  [Apache] 	the Windows Event Viewer for more clues
23:17:22  [Apache] 	If you need more help, copy and post this
23:17:22  [Apache] 	entire log window on the forums
23:17:22  [mysql] 	Status change detected: stopped
23:17:22  [mysql] 	Error: MySQL shutdown unexpectedly.
23:17:22  [mysql] 	This may be due to a blocked port, missing dependencies, 
23:17:22  [mysql] 	improper privileges, a crash, or a shutdown by another method.
23:17:22  [mysql] 	Press the Logs button to view error logs and check
23:17:22  [mysql] 	the Windows Event Viewer for more clues
23:17:22  [mysql] 	If you need more help, copy and post this
23:17:22  [mysql] 	entire log window on the forums
23:18:00  [main] 	Deinitializing Modules
23:18:00  [main] 	Deinitializing Control Panel

15:22:32  [main] 	Initializing Control Panel
15:22:32  [main] 	Windows Version:  Enterprise  64-bit
15:22:32  [main] 	XAMPP Version: 8.0.3
15:22:32  [main] 	Control Panel Version: 3.2.4  [ Compiled: Jun 5th 2019 ]
15:22:32  [main] 	You are not running with administrator rights! This will work for
15:22:32  [main] 	most application stuff but whenever you do something with services
15:22:32  [main] 	there will be a security dialogue or things will break! So think 
15:22:32  [main] 	about running this application with administrator rights!
15:22:32  [main] 	XAMPP Installation Directory: "c:\xampp\"
15:22:32  [main] 	Checking for prerequisites
15:22:37  [main] 	All prerequisites found
15:22:37  [main] 	Initializing Modules
15:22:37  [main] 	Starting Check-Timer
15:22:37  [main] 	Control Panel Ready
15:22:39  [Apache] 	Attempting to start Apache app...
15:22:39  [Apache] 	Status change detected: running
15:22:40  [mysql] 	Attempting to start MySQL app...
15:22:41  [mysql] 	Status change detected: running
15:22:43  [Apache] 	Attempting to stop Apache (PID: 8380)
15:22:43  [Apache] 	Status change detected: stopped
15:22:44  [mysql] 	Attempting to stop MySQL app...
15:22:44  [mysql] 	Status change detected: stopped
15:22:47  [Apache] 	Status change detected: running
15:22:48  [mysql] 	Status change detected: running
15:22:52  [Apache] 	Status change detected: stopped
15:22:53  [Apache] 	Status change detected: running
15:22:54  [mysql] 	Status change detected: stopped
15:22:55  [Apache] 	Status change detected: stopped
15:23:04  [main] 	Deinitializing Modules
15:23:04  [main] 	Deinitializing Control Panel

15:23:33  [main] 	Initializing Control Panel
15:23:33  [main] 	Windows Version:  Enterprise  64-bit
15:23:33  [main] 	XAMPP Version: 8.0.3
15:23:33  [main] 	Control Panel Version: 3.2.4  [ Compiled: Jun 5th 2019 ]
15:23:33  [main] 	You are not running with administrator rights! This will work for
15:23:33  [main] 	most application stuff but whenever you do something with services
15:23:33  [main] 	there will be a security dialogue or things will break! So think 
15:23:33  [main] 	about running this application with administrator rights!
15:23:33  [main] 	XAMPP Installation Directory: "c:\xampp\"
15:23:33  [main] 	Checking for prerequisites
15:23:33  [main] 	All prerequisites found
15:23:33  [main] 	Initializing Modules
15:23:33  [main] 	Starting Check-Timer
15:23:33  [main] 	Control Panel Ready
15:23:35  [Apache] 	Attempting to start Apache app...
15:23:35  [Apache] 	Status change detected: running
15:23:35  [mysql] 	Attempting to start MySQL app...
15:23:36  [mysql] 	Status change detected: running
15:23:42  [Apache] 	Attempting to stop Apache (PID: 8240)
15:23:42  [Apache] 	Attempting to stop Apache (PID: 9084)
15:23:42  [Apache] 	Status change detected: stopped
15:23:43  [mysql] 	Attempting to stop MySQL app...
15:23:43  [mysql] 	Status change detected: stopped
15:23:55  [main] 	Deinitializing Modules
15:23:55  [main] 	Deinitializing Control Panel

22:06:23  [main] 	Initializing Control Panel
22:06:23  [main] 	Windows Version:  Enterprise  64-bit
22:06:23  [main] 	XAMPP Version: 8.0.3
22:06:23  [main] 	Control Panel Version: 3.2.4  [ Compiled: Jun 5th 2019 ]
22:06:23  [main] 	You are not running with administrator rights! This will work for
22:06:23  [main] 	most application stuff but whenever you do something with services
22:06:23  [main] 	there will be a security dialogue or things will break! So think 
22:06:23  [main] 	about running this application with administrator rights!
22:06:23  [main] 	XAMPP Installation Directory: "c:\xampp\"
22:06:23  [main] 	Checking for prerequisites
22:06:27  [main] 	All prerequisites found
22:06:27  [main] 	Initializing Modules
22:06:27  [Apache] 	XAMPP Apache is already running on port 80
22:06:27  [Apache] 	XAMPP Apache is already running on port 443
22:06:27  [mysql] 	XAMPP MySQL is already running on port 3306
22:06:27  [main] 	Starting Check-Timer
22:06:27  [main] 	Control Panel Ready
22:06:36  [Apache] 	Attempting to stop Apache (PID: 864)
22:06:36  [Apache] 	Attempting to stop Apache (PID: 5264)
22:06:37  [Apache] 	Status change detected: stopped
22:06:37  [mysql] 	Attempting to stop MySQL app...
22:06:37  [mysql] 	Status change detected: stopped
22:06:48  [main] 	Deinitializing Modules
22:06:48  [main] 	Deinitializing Control Panel

20:55:01  [main] 	Initializing Control Panel
20:55:01  [main] 	Windows Version:  Enterprise  64-bit
20:55:01  [main] 	XAMPP Version: 8.0.3
20:55:01  [main] 	Control Panel Version: 3.2.4  [ Compiled: Jun 5th 2019 ]
20:55:01  [main] 	You are not running with administrator rights! This will work for
20:55:01  [main] 	most application stuff but whenever you do something with services
20:55:01  [main] 	there will be a security dialogue or things will break! So think 
20:55:01  [main] 	about running this application with administrator rights!
20:55:01  [main] 	XAMPP Installation Directory: "c:\xampp\"
20:55:01  [main] 	Checking for prerequisites
20:55:04  [main] 	All prerequisites found
20:55:04  [main] 	Initializing Modules
20:55:04  [main] 	Starting Check-Timer
20:55:04  [main] 	Control Panel Ready
20:55:30  [Apache] 	Attempting to start Apache app...
20:55:30  [Apache] 	Status change detected: running
20:55:30  [mysql] 	Attempting to start MySQL app...
20:55:31  [mysql] 	Status change detected: running
22:11:52  [Apache] 	Attempting to stop Apache (PID: 1548)
22:11:52  [Apache] 	Attempting to stop Apache (PID: 3756)
22:11:52  [Apache] 	Status change detected: stopped
22:11:53  [filezilla] 	Attempting to start FileZilla app...
22:11:58  [mysql] 	Attempting to stop MySQL app...
22:11:58  [filezilla] 	Status change detected: running
22:11:59  [mysql] 	Status change detected: stopped
22:12:00  [filezilla] 	Attempting to stop FileZilla app...
22:12:00  [filezilla] 	Status change detected: stopped
22:16:40  [main] 	Deinitializing Modules
22:16:40  [main] 	Deinitializing Control Panel

18:16:47  [main] 	Initializing Control Panel
18:16:47  [main] 	Windows Version:  Enterprise  64-bit
18:16:47  [main] 	XAMPP Version: 8.0.3
18:16:47  [main] 	Control Panel Version: 3.2.4  [ Compiled: Jun 5th 2019 ]
18:16:47  [main] 	You are not running with administrator rights! This will work for
18:16:47  [main] 	most application stuff but whenever you do something with services
18:16:47  [main] 	there will be a security dialogue or things will break! So think 
18:16:47  [main] 	about running this application with administrator rights!
18:16:47  [main] 	XAMPP Installation Directory: "c:\xampp\"
18:16:47  [main] 	Checking for prerequisites
18:16:51  [main] 	All prerequisites found
18:16:51  [main] 	Initializing Modules
18:16:51  [main] 	Starting Check-Timer
18:16:51  [main] 	Control Panel Ready
18:17:41  [Apache] 	Attempting to start Apache app...
18:17:41  [Apache] 	Status change detected: running
18:17:42  [mysql] 	Attempting to start MySQL app...
18:17:42  [mysql] 	Status change detected: running
18:29:21  [Apache] 	Attempting to stop Apache (PID: 5052)
18:29:21  [Apache] 	Attempting to stop Apache (PID: 3616)
18:29:22  [Apache] 	Status change detected: stopped
18:29:22  [mysql] 	Attempting to stop MySQL app...
18:29:22  [mysql] 	Status change detected: stopped
18:30:27  [main] 	Deinitializing Modules
18:30:27  [main] 	Deinitializing Control Panel

20:17:44  [main] 	Initializing Control Panel
20:17:44  [main] 	Windows Version:  Enterprise  64-bit
20:17:44  [main] 	XAMPP Version: 8.0.3
20:17:44  [main] 	Control Panel Version: 3.2.4  [ Compiled: Jun 5th 2019 ]
20:17:44  [main] 	You are not running with administrator rights! This will work for
20:17:44  [main] 	most application stuff but whenever you do something with services
20:17:44  [main] 	there will be a security dialogue or things will break! So think 
20:17:44  [main] 	about running this application with administrator rights!
20:17:44  [main] 	XAMPP Installation Directory: "c:\xampp\"
20:17:44  [main] 	Checking for prerequisites
20:17:45  [main] 	All prerequisites found
20:17:45  [main] 	Initializing Modules
20:17:45  [main] 	Starting Check-Timer
20:17:45  [main] 	Control Panel Ready
20:17:47  [Apache] 	Attempting to start Apache app...
20:17:48  [Apache] 	Status change detected: running
20:17:48  [mysql] 	Attempting to start MySQL app...
20:17:48  [mysql] 	Status change detected: running
01:34:46  [Apache] 	Attempting to stop Apache (PID: 3876)
01:34:46  [Apache] 	Attempting to stop Apache (PID: 584)
01:34:47  [mysql] 	Attempting to stop MySQL app...
01:34:47  [Apache] 	Status change detected: stopped
01:34:47  [mysql] 	Status change detected: stopped
01:35:02  [main] 	Deinitializing Modules
01:35:02  [main] 	Deinitializing Control Panel

00:02:07  [main] 	Initializing Control Panel
00:02:07  [main] 	Windows Version:  Enterprise  64-bit
00:02:08  [main] 	XAMPP Version: 8.0.3
00:02:08  [main] 	Control Panel Version: 3.2.4  [ Compiled: Jun 5th 2019 ]
00:02:08  [main] 	You are not running with administrator rights! This will work for
00:02:08  [main] 	most application stuff but whenever you do something with services
00:02:08  [main] 	there will be a security dialogue or things will break! So think 
00:02:08  [main] 	about running this application with administrator rights!
00:02:08  [main] 	XAMPP Installation Directory: "c:\xampp\"
00:02:08  [main] 	Checking for prerequisites
00:02:14  [main] 	All prerequisites found
00:02:14  [main] 	Initializing Modules
00:02:14  [main] 	Starting Check-Timer
00:02:14  [main] 	Control Panel Ready
00:02:49  [Apache] 	Attempting to start Apache app...
00:02:49  [Apache] 	Status change detected: running
00:02:49  [mysql] 	Attempting to start MySQL app...
00:02:50  [mysql] 	Status change detected: running
01:42:15  [Apache] 	Attempting to stop Apache (PID: 3572)
01:42:15  [Apache] 	Attempting to stop Apache (PID: 6068)
01:42:15  [Apache] 	Status change detected: stopped
01:42:15  [mysql] 	Attempting to stop MySQL app...
01:42:16  [mysql] 	Status change detected: stopped
01:43:09  [main] 	Deinitializing Modules
01:43:09  [main] 	Deinitializing Control Panel

20:52:21  [main] 	Initializing Control Panel
20:52:21  [main] 	Windows Version:  Enterprise  64-bit
20:52:21  [main] 	XAMPP Version: 8.0.3
20:52:21  [main] 	Control Panel Version: 3.2.4  [ Compiled: Jun 5th 2019 ]
20:52:21  [main] 	You are not running with administrator rights! This will work for
20:52:21  [main] 	most application stuff but whenever you do something with services
20:52:21  [main] 	there will be a security dialogue or things will break! So think 
20:52:21  [main] 	about running this application with administrator rights!
20:52:21  [main] 	XAMPP Installation Directory: "c:\xampp\"
20:52:21  [main] 	Checking for prerequisites
20:52:24  [main] 	All prerequisites found
20:52:24  [main] 	Initializing Modules
20:52:24  [main] 	Starting Check-Timer
20:52:24  [main] 	Control Panel Ready
20:52:25  [Apache] 	Attempting to start Apache app...
20:52:26  [Apache] 	Status change detected: running
20:52:26  [mysql] 	Attempting to start MySQL app...
20:52:27  [mysql] 	Status change detected: running
22:20:09  [Apache] 	Attempting to stop Apache (PID: 9420)
22:20:09  [Apache] 	Attempting to stop Apache (PID: 3124)
22:20:09  [Apache] 	Status change detected: stopped
22:20:09  [mysql] 	Attempting to stop MySQL app...
22:20:10  [mysql] 	Status change detected: stopped
22:35:01  [main] 	Deinitializing Modules
22:35:01  [main] 	Deinitializing Control Panel

21:31:24  [main] 	Initializing Control Panel
21:31:24  [main] 	Windows Version:  Enterprise  64-bit
21:31:24  [main] 	XAMPP Version: 8.0.3
21:31:24  [main] 	Control Panel Version: 3.2.4  [ Compiled: Jun 5th 2019 ]
21:31:24  [main] 	You are not running with administrator rights! This will work for
21:31:24  [main] 	most application stuff but whenever you do something with services
21:31:24  [main] 	there will be a security dialogue or things will break! So think 
21:31:24  [main] 	about running this application with administrator rights!
21:31:24  [main] 	XAMPP Installation Directory: "c:\xampp\"
21:31:24  [main] 	Checking for prerequisites
21:31:24  [main] 	All prerequisites found
21:31:24  [main] 	Initializing Modules
21:31:24  [main] 	Starting Check-Timer
21:31:24  [main] 	Control Panel Ready
21:31:32  [Apache] 	Attempting to start Apache app...
21:31:32  [Apache] 	Status change detected: running
21:31:32  [mysql] 	Attempting to start MySQL app...
21:31:33  [mysql] 	Status change detected: running
21:59:03  [Apache] 	Attempting to stop Apache (PID: 3496)
21:59:03  [Apache] 	Attempting to stop Apache (PID: 7844)
21:59:04  [Apache] 	Status change detected: stopped
21:59:04  [mysql] 	Attempting to stop MySQL app...
21:59:04  [mysql] 	Status change detected: stopped
22:12:17  [main] 	Deinitializing Modules
22:12:17  [main] 	Deinitializing Control Panel

18:05:55  [main] 	Initializing Control Panel
18:05:55  [main] 	Windows Version:  Enterprise  64-bit
18:05:55  [main] 	XAMPP Version: 8.0.3
18:05:55  [main] 	Control Panel Version: 3.2.4  [ Compiled: Jun 5th 2019 ]
18:05:55  [main] 	You are not running with administrator rights! This will work for
18:05:55  [main] 	most application stuff but whenever you do something with services
18:05:55  [main] 	there will be a security dialogue or things will break! So think 
18:05:55  [main] 	about running this application with administrator rights!
18:05:55  [main] 	XAMPP Installation Directory: "c:\xampp\"
18:05:55  [main] 	Checking for prerequisites
18:05:55  [main] 	All prerequisites found
18:05:55  [main] 	Initializing Modules
18:05:55  [Apache] 	XAMPP Apache is already running on port 80
18:05:55  [Apache] 	XAMPP Apache is already running on port 443
18:05:55  [mysql] 	XAMPP MySQL is already running on port 3306
18:05:55  [main] 	Starting Check-Timer
18:05:55  [main] 	Control Panel Ready
18:05:57  [Apache] 	Attempting to stop Apache (PID: 3780)
18:05:57  [Apache] 	Attempting to stop Apache (PID: 9464)
18:05:57  [Apache] 	Status change detected: stopped
18:05:57  [mysql] 	Attempting to stop MySQL app...
18:05:57  [mysql] 	Status change detected: stopped
20:44:19  [Apache] 	Status change detected: running
20:44:20  [mysql] 	Status change detected: running
22:09:40  [Apache] 	Status change detected: stopped
22:09:41  [mysql] 	Status change detected: stopped
22:09:45  [Apache] 	Status change detected: running
22:09:46  [mysql] 	Status change detected: running
22:35:22  [Apache] 	Status change detected: stopped
22:35:23  [mysql] 	Status change detected: stopped
22:36:12  [main] 	Deinitializing Modules
22:36:12  [main] 	Deinitializing Control Panel

17:01:29  [main] 	Initializing Control Panel
17:01:29  [main] 	Windows Version:  Enterprise  64-bit
17:01:29  [main] 	XAMPP Version: 8.0.3
17:01:29  [main] 	Control Panel Version: 3.2.4  [ Compiled: Jun 5th 2019 ]
17:01:29  [main] 	You are not running with administrator rights! This will work for
17:01:29  [main] 	most application stuff but whenever you do something with services
17:01:29  [main] 	there will be a security dialogue or things will break! So think 
17:01:29  [main] 	about running this application with administrator rights!
17:01:29  [main] 	XAMPP Installation Directory: "c:\xampp\"
17:01:29  [main] 	Checking for prerequisites
17:01:29  [main] 	All prerequisites found
17:01:29  [main] 	Initializing Modules
17:01:29  [main] 	Starting Check-Timer
17:01:29  [main] 	Control Panel Ready
17:01:32  [Apache] 	Attempting to start Apache app...
17:01:32  [Apache] 	Status change detected: running
17:01:32  [mysql] 	Attempting to start MySQL app...
17:01:33  [mysql] 	Status change detected: running
18:05:57  [Apache] 	Status change detected: stopped
18:05:57  [Apache] 	Error: Apache shutdown unexpectedly.
18:05:57  [Apache] 	This may be due to a blocked port, missing dependencies, 
18:05:57  [Apache] 	improper privileges, a crash, or a shutdown by another method.
18:05:57  [Apache] 	Press the Logs button to view error logs and check
18:05:57  [Apache] 	the Windows Event Viewer for more clues
18:05:57  [Apache] 	If you need more help, copy and post this
18:05:57  [Apache] 	entire log window on the forums
18:05:57  [mysql] 	Status change detected: stopped
18:05:57  [mysql] 	Error: MySQL shutdown unexpectedly.
18:05:57  [mysql] 	This may be due to a blocked port, missing dependencies, 
18:05:57  [mysql] 	improper privileges, a crash, or a shutdown by another method.
18:05:57  [mysql] 	Press the Logs button to view error logs and check
18:05:57  [mysql] 	the Windows Event Viewer for more clues
18:05:57  [mysql] 	If you need more help, copy and post this
18:05:57  [mysql] 	entire log window on the forums
20:44:19  [Apache] 	Status change detected: running
20:44:20  [mysql] 	Status change detected: running
22:09:41  [Apache] 	Status change detected: stopped
22:09:41  [Apache] 	Error: Apache shutdown unexpectedly.
22:09:41  [Apache] 	This may be due to a blocked port, missing dependencies, 
22:09:41  [Apache] 	improper privileges, a crash, or a shutdown by another method.
22:09:41  [Apache] 	Press the Logs button to view error logs and check
22:09:41  [Apache] 	the Windows Event Viewer for more clues
22:09:41  [Apache] 	If you need more help, copy and post this
22:09:41  [Apache] 	entire log window on the forums
22:09:41  [mysql] 	Status change detected: stopped
22:09:41  [mysql] 	Error: MySQL shutdown unexpectedly.
22:09:41  [mysql] 	This may be due to a blocked port, missing dependencies, 
22:09:41  [mysql] 	improper privileges, a crash, or a shutdown by another method.
22:09:41  [mysql] 	Press the Logs button to view error logs and check
22:09:41  [mysql] 	the Windows Event Viewer for more clues
22:09:41  [mysql] 	If you need more help, copy and post this
22:09:41  [mysql] 	entire log window on the forums
22:09:45  [Apache] 	Status change detected: running
22:09:46  [mysql] 	Status change detected: running
22:35:22  [Apache] 	Status change detected: stopped
22:35:22  [Apache] 	Error: Apache shutdown unexpectedly.
22:35:22  [Apache] 	This may be due to a blocked port, missing dependencies, 
22:35:22  [Apache] 	improper privileges, a crash, or a shutdown by another method.
22:35:22  [Apache] 	Press the Logs button to view error logs and check
22:35:22  [Apache] 	the Windows Event Viewer for more clues
22:35:22  [Apache] 	If you need more help, copy and post this
22:35:22  [Apache] 	entire log window on the forums
22:35:23  [mysql] 	Status change detected: stopped
22:35:23  [mysql] 	Error: MySQL shutdown unexpectedly.
22:35:23  [mysql] 	This may be due to a blocked port, missing dependencies, 
22:35:23  [mysql] 	improper privileges, a crash, or a shutdown by another method.
22:35:23  [mysql] 	Press the Logs button to view error logs and check
22:35:23  [mysql] 	the Windows Event Viewer for more clues
22:35:23  [mysql] 	If you need more help, copy and post this
22:35:23  [mysql] 	entire log window on the forums
22:36:12  [main] 	Deinitializing Modules
22:36:12  [main] 	Deinitializing Control Panel

17:26:57  [main] 	Initializing Control Panel
17:26:57  [main] 	Windows Version:  Enterprise  64-bit
17:26:57  [main] 	XAMPP Version: 8.0.3
17:26:57  [main] 	Control Panel Version: 3.2.4  [ Compiled: Jun 5th 2019 ]
17:26:57  [main] 	You are not running with administrator rights! This will work for
17:26:57  [main] 	most application stuff but whenever you do something with services
17:26:57  [main] 	there will be a security dialogue or things will break! So think 
17:26:57  [main] 	about running this application with administrator rights!
17:26:57  [main] 	XAMPP Installation Directory: "c:\xampp\"
17:26:57  [main] 	Checking for prerequisites
17:26:57  [main] 	All prerequisites found
17:26:57  [main] 	Initializing Modules
17:26:57  [Apache] 	XAMPP Apache is already running on port 80
17:26:57  [Apache] 	XAMPP Apache is already running on port 443
17:26:57  [mysql] 	XAMPP MySQL is already running on port 3306
17:26:57  [main] 	Starting Check-Timer
17:26:57  [main] 	Control Panel Ready
17:26:57  [Apache] 	Attempting to stop Apache (PID: 340)
17:26:57  [Apache] 	Attempting to stop Apache (PID: 5284)
17:26:58  [Apache] 	Status change detected: stopped
17:26:58  [mysql] 	Attempting to stop MySQL app...
17:26:59  [mysql] 	Status change detected: stopped
17:27:00  [Apache] 	Status change detected: running
17:27:01  [mysql] 	Status change detected: running
17:27:02  [mysql] 	Status change detected: stopped
17:27:03  [Apache] 	Status change detected: stopped
17:27:28  [main] 	Deinitializing Modules
17:27:28  [main] 	Deinitializing Control Panel

16:40:26  [main] 	Initializing Control Panel
16:40:26  [main] 	Windows Version:  Enterprise  64-bit
16:40:26  [main] 	XAMPP Version: 8.0.3
16:40:26  [main] 	Control Panel Version: 3.2.4  [ Compiled: Jun 5th 2019 ]
16:40:26  [main] 	You are not running with administrator rights! This will work for
16:40:26  [main] 	most application stuff but whenever you do something with services
16:40:26  [main] 	there will be a security dialogue or things will break! So think 
16:40:26  [main] 	about running this application with administrator rights!
16:40:26  [main] 	XAMPP Installation Directory: "c:\xampp\"
16:40:26  [main] 	Checking for prerequisites
16:40:26  [main] 	All prerequisites found
16:40:26  [main] 	Initializing Modules
16:40:26  [main] 	Starting Check-Timer
16:40:26  [main] 	Control Panel Ready
16:40:29  [Apache] 	Attempting to start Apache app...
16:40:29  [Apache] 	Status change detected: running
16:40:29  [mysql] 	Attempting to start MySQL app...
16:40:29  [mysql] 	Status change detected: running
19:01:52  [Apache] 	Attempting to stop Apache (PID: 4372)
19:01:52  [Apache] 	Attempting to stop Apache (PID: 12956)
19:01:52  [Apache] 	Status change detected: stopped
19:01:52  [mysql] 	Attempting to stop MySQL app...
19:01:53  [mysql] 	Status change detected: stopped
19:02:57  [main] 	Deinitializing Modules
19:02:57  [main] 	Deinitializing Control Panel

22:33:50  [main] 	Initializing Control Panel
22:33:50  [main] 	Windows Version:  Enterprise  64-bit
22:33:50  [main] 	XAMPP Version: 8.0.3
22:33:50  [main] 	Control Panel Version: 3.2.4  [ Compiled: Jun 5th 2019 ]
22:33:50  [main] 	You are not running with administrator rights! This will work for
22:33:50  [main] 	most application stuff but whenever you do something with services
22:33:50  [main] 	there will be a security dialogue or things will break! So think 
22:33:50  [main] 	about running this application with administrator rights!
22:33:50  [main] 	XAMPP Installation Directory: "c:\xampp\"
22:33:50  [main] 	Checking for prerequisites
22:33:50  [main] 	All prerequisites found
22:33:50  [main] 	Initializing Modules
22:33:50  [main] 	Starting Check-Timer
22:33:50  [main] 	Control Panel Ready
22:33:52  [Apache] 	Attempting to start Apache app...
22:33:52  [Apache] 	Status change detected: running
22:33:54  [mysql] 	Attempting to start MySQL app...
22:33:54  [mysql] 	Status change detected: running
00:33:51  [Apache] 	Attempting to stop Apache (PID: 5932)
00:33:51  [Apache] 	Attempting to stop Apache (PID: 13716)
00:33:51  [Apache] 	Status change detected: stopped
00:33:52  [mysql] 	Attempting to stop MySQL app...
00:33:52  [mysql] 	Status change detected: stopped
00:35:28  [main] 	Deinitializing Modules
00:35:28  [main] 	Deinitializing Control Panel

